<?xml version="1.0" encoding="UTF-8"?>
<!-- Generated by org.testng.reporters.JUnitXMLReporter -->
<testsuite ignored="1" hostname="LAPTOP-FP0GHEVJ" failures="0" tests="1" name="Command line test" time="14.782" errors="0" timestamp="2020-09-02T21:36:49 BST">
  <testcase classname="com.cybertek.tests.day7_testng.TestNGAssertionDemo" name="mackolik" time="14.739"/>
  <testcase classname="com.cybertek.tests.day7_testng.TestNGAssertionDemo" name="test1" time="0.0">
    <ignored/>
  </testcase> <!-- test1 -->
</testsuite> <!-- Command line test -->
