<?xml version="1.0" encoding="UTF-8"?>
<testng-results ignored="0" total="1" passed="1" failed="0" skipped="0">
  <reporter-output>
  </reporter-output>
  <suite started-at="2020-09-27T23:49:50 BST" name="Suite1" finished-at="2020-09-27T23:50:07 BST" duration-ms="16407">
    <groups>
    </groups>
    <test started-at="2020-09-27T23:49:50 BST" name="Nopackage" finished-at="2020-09-27T23:50:07 BST" duration-ms="16407">
      <class name="com.cybertek.tests.day13_pom.PageSubtitleTest">
        <test-method is-config="true" signature="setUp()[pri:0, instance:com.cybertek.tests.day13_pom.PageSubtitleTest@16aa0a0a]" started-at="2020-09-27T23:49:50 BST" name="setUp" finished-at="2020-09-27T23:49:58 BST" duration-ms="7644" status="PASS">
          <reporter-output>
          </reporter-output>
        </test-method> <!-- setUp -->
        <test-method signature="test1()[pri:0, instance:com.cybertek.tests.day13_pom.PageSubtitleTest@16aa0a0a]" started-at="2020-09-27T23:49:58 BST" name="test1" finished-at="2020-09-27T23:50:04 BST" duration-ms="6037" status="PASS">
          <reporter-output>
          </reporter-output>
        </test-method> <!-- test1 -->
        <test-method is-config="true" signature="tearDown()[pri:0, instance:com.cybertek.tests.day13_pom.PageSubtitleTest@16aa0a0a]" started-at="2020-09-27T23:50:04 BST" name="tearDown" finished-at="2020-09-27T23:50:07 BST" duration-ms="2696" status="PASS">
          <reporter-output>
          </reporter-output>
        </test-method> <!-- tearDown -->
      </class> <!-- com.cybertek.tests.day13_pom.PageSubtitleTest -->
    </test> <!-- Nopackage -->
  </suite> <!-- Suite1 -->
</testng-results>
