<?xml version="1.0" encoding="UTF-8"?>
<testng-results ignored="1" total="2" passed="1" failed="0" skipped="0">
  <reporter-output>
  </reporter-output>
  <suite started-at="2020-09-02T21:36:34 BST" name="Command line suite" finished-at="2020-09-02T21:36:49 BST" duration-ms="14782">
    <groups>
    </groups>
    <test started-at="2020-09-02T21:36:34 BST" name="Command line test" finished-at="2020-09-02T21:36:49 BST" duration-ms="14782">
      <class name="com.cybertek.tests.day7_testng.TestNGAssertionDemo">
        <test-method signature="mackolik()[pri:0, instance:com.cybertek.tests.day7_testng.TestNGAssertionDemo@2de8284b]" started-at="2020-09-02T21:36:34 BST" name="mackolik" finished-at="2020-09-02T21:36:49 BST" duration-ms="14739" status="PASS">
          <reporter-output>
          </reporter-output>
        </test-method> <!-- mackolik -->
      </class> <!-- com.cybertek.tests.day7_testng.TestNGAssertionDemo -->
    </test> <!-- Command line test -->
  </suite> <!-- Command line suite -->
</testng-results>
